{"name": "test_selectlanguage", "status": "failed", "statusDetails": {"message": "AssertionError", "trace": "self = <pages.LanguageSelectPage.Languageslect object at 0x000001FD6A45BC10>, locatorValue = '//android.widget.ImageView[@content-desc=\"Select English\"]'\nlocatorType = 'xapth'\n\n    def clickElement(self, locatorValue, locatorType=\"id\"):\n        element = None\n        try:\n            locatorType = locatorType.lower()\n            element = self.getElement(locatorValue, locatorType)\n>           element.click()\nE           AttributeError: 'NoneType' object has no attribute 'click'\n\n..\\base\\BasePage.py:67: AttributeError\n\nDuring handling of the above exception, another exception occurred:\n\nself = <tests.EndtoEndTest.EndtoEndTest testMethod=test_selectlanguage>\n\n    def test_selectlanguage(self):\n>       self.cf.clicklanguageselectButton()\n\nEndtoEndTest.py:19: \n_ _ _ _ _ _ _ _ _ _ _ _ _ _ _ _ _ _ _ _ _ _ _ _ _ _ _ _ _ _ _ _ _ _ _ _ _ _ _ _ _ _ _ _ _ _ _ _ _ _ _ _ _ _ _ _ _ _ _ _ _ _ _ _ _ _ _ _ _ _ _ _ _ _ _ _ _ \n..\\pages\\LanguageSelectPage.py:17: in clicklanguageselectButton\n    self.clickElement(self._languageselectButton,\"xapth\")\n_ _ _ _ _ _ _ _ _ _ _ _ _ _ _ _ _ _ _ _ _ _ _ _ _ _ _ _ _ _ _ _ _ _ _ _ _ _ _ _ _ _ _ _ _ _ _ _ _ _ _ _ _ _ _ _ _ _ _ _ _ _ _ _ _ _ _ _ _ _ _ _ _ _ _ _ _ \n\nself = <pages.LanguageSelectPage.Languageslect object at 0x000001FD6A45BC10>, locatorValue = '//android.widget.ImageView[@content-desc=\"Select English\"]'\nlocatorType = 'xapth'\n\n    def clickElement(self, locatorValue, locatorType=\"id\"):\n        element = None\n        try:\n            locatorType = locatorType.lower()\n            element = self.getElement(locatorValue, locatorType)\n            element.click()\n            self.log.info(\n                \"Clicked on Element with LocatorType: \" + locatorType + \" and with the locatorValue :\" + locatorValue)\n        except:\n            self.log.info(\n                \"Unable to click on Element with LocatorType: \" + locatorType + \" and with the locatorValue :\" + locatorValue)\n            self.takeScreenshot(locatorType)\n>           assert False\nE           AssertionError\n\n..\\base\\BasePage.py:74: AssertionError"}, "attachments": [{"name": "xapth", "source": "20624be3-6ad2-4d4a-9392-81a6fb8db089-attachment.png", "type": "image/png"}, {"name": "log", "source": "934f8a68-9645-4460-8efb-f62e50bd100e-attachment.txt", "type": "text/plain"}, {"name": "stdout", "source": "acffe2ff-b3e1-4a71-b4fe-6177c993babd-attachment.txt", "type": "text/plain"}], "start": 1653714197660, "stop": 1653714198057, "uuid": "ce6f1654-e991-4300-8787-f6027abf28d5", "historyId": "07774221597bd10f2aa1d1ee2235d427", "testCaseId": "6acba654ce2de8cb8046aa8eabf92d79", "fullName": "EndtoEndTest.EndtoEndTest#test_selectlanguage", "labels": [{"name": "tag", "value": "@pytest.mark.usefixtures('beforeClass', 'beforeMethod')"}, {"name": "suite", "value": "EndtoEndTest"}, {"name": "subSuite", "value": "EndtoEndTest"}, {"name": "host", "value": "BTZVBK3"}, {"name": "thread", "value": "21656-MainThread"}, {"name": "framework", "value": "pytest"}, {"name": "language", "value": "cpython3"}, {"name": "package", "value": "EndtoEndTest"}]}